============================================================
  Generated by:           Genus(TM) Synthesis Solution 21.17-s066_1
  Generated on:           May 08 2025  11:24:57 am
  Module:                 sparc_exu_alu
  Library domain:         gpdk045_wc_lib
    Domain index:         0
    Technology library:   slow_vdd1v0 1.0
  Library domain:         gpdk045_bc_lib
    Domain index:         1
    Technology library:   fast_vdd1v0 1.0
  Operating conditions:   PVT_0P9V_125C (balanced_tree)
  Operating conditions:   PVT_1P1V_0C (balanced_tree)
  Wireload mode:          enclosed
  Area mode:              timing library
============================================================

                                                 Library 
    Gate      Instances    Area       Library     Domain 
---------------------------------------------------------
ADDFXLLVT             4    27.360    slow_vdd1v0       0 
AND2X2                4     6.840    slow_vdd1v0       0 
AND2XL                3     4.104    slow_vdd1v0       0 
AO22XLLVT             1     2.736    slow_vdd1v0       0 
AOI211XL              1     2.052    slow_vdd1v0       0 
AOI21X1LVT            2     3.420    slow_vdd1v0       0 
AOI21XL             134   229.140    slow_vdd1v0       0 
AOI21XLLVT            1     1.710    slow_vdd1v0       0 
AOI221X1LVT           1     2.394    slow_vdd1v0       0 
AOI221XL             21    71.820    slow_vdd1v0       0 
AOI222XL             24    82.080    slow_vdd1v0       0 
AOI22XL              47    96.444    slow_vdd1v0       0 
BUFX3                 1     2.052    slow_vdd1v0       0 
CLKINVX1              1     1.026    slow_vdd1v0       0 
CLKINVX3              1     1.710    slow_vdd1v0       0 
DFFQX2                1     6.498    slow_vdd1v0       0 
DFFQXL              188  1028.736    slow_vdd1v0       0 
DFFQXLLVT             4    21.888    slow_vdd1v0       0 
INVX1LVT              2     1.368    slow_vdd1v0       0 
INVXL                55    37.620    slow_vdd1v0       0 
INVXLLVT             13     8.892    slow_vdd1v0       0 
MX2XL                66   158.004    slow_vdd1v0       0 
MXI2XL               98   234.612    slow_vdd1v0       0 
NAND2BXL             38    51.984    slow_vdd1v0       0 
NAND2X1LVT            2     2.052    slow_vdd1v0       0 
NAND2XL             279   286.254    slow_vdd1v0       0 
NAND2XLLVT            1     1.026    slow_vdd1v0       0 
NAND3BXL             50    85.500    slow_vdd1v0       0 
NAND3XL               1     1.710    slow_vdd1v0       0 
NAND4XL              12    20.520    slow_vdd1v0       0 
NOR2BXL               9    15.390    slow_vdd1v0       0 
NOR2X1                1     1.026    slow_vdd1v0       0 
NOR2XL              135   138.510    slow_vdd1v0       0 
NOR3XL                1     1.710    slow_vdd1v0       0 
NOR4XL               25    51.300    slow_vdd1v0       0 
OA21XL                4    10.944    slow_vdd1v0       0 
OA22XL                1     3.078    slow_vdd1v0       0 
OAI211X1LVT           2     3.420    slow_vdd1v0       0 
OAI211XL            131   268.812    slow_vdd1v0       0 
OAI21X1LVT           10    17.100    slow_vdd1v0       0 
OAI21XL              47    80.370    slow_vdd1v0       0 
OAI21XLLVT            9    15.390    slow_vdd1v0       0 
OAI221X1LVT           1     2.394    slow_vdd1v0       0 
OAI221XL              7    21.546    slow_vdd1v0       0 
OAI222XL              2     5.472    slow_vdd1v0       0 
OAI22XL               5    10.260    slow_vdd1v0       0 
OAI2BB1X1LVT          6    10.260    slow_vdd1v0       0 
OAI2BB1XL           153   313.956    slow_vdd1v0       0 
OAI2BB1XLLVT          2     4.104    slow_vdd1v0       0 
OAI31X1LVT            2     4.104    slow_vdd1v0       0 
OAI32XL              15    46.170    slow_vdd1v0       0 
OR2X1                 1     1.368    slow_vdd1v0       0 
OR2X2                 3     5.130    slow_vdd1v0       0 
OR2XL                21    28.728    slow_vdd1v0       0 
OR3X1                 1     2.052    slow_vdd1v0       0 
OR3X4                 1     3.078    slow_vdd1v0       0 
OR4X1                 1     2.052    slow_vdd1v0       0 
OR4XL                 1     2.736    slow_vdd1v0       0 
TLATNCAX4             1     6.156    slow_vdd1v0       0 
XNOR2XL              92   251.712    slow_vdd1v0       0 
XOR2XL               71   194.256    slow_vdd1v0       0 
XOR2XLLVT             3     8.208    slow_vdd1v0       0 
---------------------------------------------------------
total              1820  4012.344                


                                                       
            Type             Instances   Area   Area % 
-------------------------------------------------------
sequential                         193 1057.122   26.3 
inverter                            72   50.616    1.3 
buffer                               1    2.052    0.1 
clock_gating_integrated_cell         1    6.156    0.2 
logic                             1553 2896.398   72.2 
physical_cells                       0    0.000    0.0 
-------------------------------------------------------
total                             1820 4012.344  100.0 

