[Spectre Monitor: 3]
[2025-03-04 11:08:44.230 +0100] [PROCESS] [cadence.virtuoso.ade.spectreMonitor] - Spectre Monitor has successfully started up. Trying to set up communication channels to other components ... : {"hostname": "pc-klas1-13.esat.kuleuven.be", "processid": 109539, "logfile": "/users/students/r0926826/kuleuven/6/DDIC/DD_Es1/Cadence/logs_r0926826/logs0/Job3.log"}
[2025-03-04 11:08:44.231 +0100] [PROCESS] [cadence.virtuoso.ade.spectreMonitor] - Started History : {"hostname": "pc-klas1-13.esat.kuleuven.be", "processid": 109539, "history": "ExplorerRun.0", "logfile": "/users/students/r0926826/kuleuven/6/DDIC/DD_Es1/Cadence/logs_r0926826/logs0/Job3.log"}
[2025-03-04 11:08:44.264 +0100] [PROCESS] [cadence.virtuoso.ade.spectreMonitor] - Communication channels have been successfully set up. Start processing events ... : {"hostname": "pc-klas1-13.esat.kuleuven.be", "processid": 109539, "history": "ExplorerRun.0", "logfile": "/users/students/r0926826/kuleuven/6/DDIC/DD_Es1/Cadence/logs_r0926826/logs0/Job3.log"}
[2025-03-04 11:08:44.346 +0100] [PROCESS] [cadence.virtuoso.ade.spectreMonitor] - HostInfo:
Host name (type):	pc-klas1-13.esat.kuleuven.be (x86_64)
Operating system:	Linux 5.14.0-503.26.1.el9_5.x86_64 #1 SMP PREEMPT_DYNAMIC Wed Feb 19 16:28:19 UTC 2025 : {"hostname": "pc-klas1-13.esat.kuleuven.be", "processid": 109539, "history": "ExplorerRun.0", "logfile": "/users/students/r0926826/kuleuven/6/DDIC/DD_Es1/Cadence/logs_r0926826/logs0/Job3.log", "nodename": "pc-klas1-13.esat.kuleuven.be", "domainname": "(none)", "machine": "x86_64", "sysname": "Linux", "release": "5.14.0-503.26.1.el9_5.x86_64", "version": "#1 SMP PREEMPT_DYNAMIC Wed Feb 19 16:28:19 UTC 2025"}
[2025-03-04 11:08:44.346 +0100] [PROCESS] [cadence.virtuoso.ade.spectreMonitor] - UsageInfo:
pid=109539
totalPhysicalMemory=15.114700GB,Used=14.127445GB,totalVirtualMemory=47.114697GB,Used=14.128178GB
Cpu: Cores=12, Load average:0.350000,0.260000,0.270000 : {"hostname": "pc-klas1-13.esat.kuleuven.be", "processid": 109539, "history": "ExplorerRun.0", "logfile": "/users/students/r0926826/kuleuven/6/DDIC/DD_Es1/Cadence/logs_r0926826/logs0/Job3.log", "pid": "109539", "totalPhysicalMemory": "15.114700", "physicalMemoryUsed": "14.127445", "totalVirtualMemory": "47.114697", "virtualMemoryUsed": "14.128178", "cpuCores": "12", "processes": "1973", "loadAverage1": "0.350000", "loadAverage5": "0.260000", "loadAverage15": "0.270000", "loadAverage1Percent": "0.029167"}
[2025-03-04 11:08:44.351 +0100] [EVENT] [cadence.virtuoso.ade.spectreMonitor] - NewPoint : {"history": "ExplorerRun.0", "point": 1, "testname": "DDIC_invertor_1", "cornername": "Nominal", "event": "NewPoint", "EventSource": "Spectre Monitor", "HistoryName": "ExplorerRun.0", "logFile": "/users/students/r0926826/kuleuven/6/DDIC/DD_Es1/Cadence/logs_r0926826/logs0/Job3.log", "logFileSize": "2464"}
[2025-03-04 11:08:44.351 +0100] [EVENT] [cadence.virtuoso.ade.spectreMonitor] - NewPoint : {"history": "ExplorerRun.0", "point": 1, "testname": "DDIC_invertor_1", "cornername": "Nominal", "event": "NewPoint", "EventSource": "spectre", "HistoryName": "ExplorerRun.0", "logFile": "/users/students/r0926826/simulation/DDIC/invertor/maestro/results/maestro/ExplorerRun.0/1/DDIC_invertor_1/psf/spectre.out", "logFileSize": "-1"}
[2025-03-04 11:08:44.359 +0100] [PROCESS] [cadence.virtuoso.ade.spectreMonitor] - Launched simulator : {"hostname": "pc-klas1-13.esat.kuleuven.be", "processid": 109539, "history": "ExplorerRun.0", "testname": "DDIC_invertor_1", "cornername": "Nominal", "point": 1, "logfile": "/users/students/r0926826/kuleuven/6/DDIC/DD_Es1/Cadence/logs_r0926826/logs0/Job3.log", "simid": "1"}
[2025-03-04 11:08:44.361 +0100] [PROCESS] [cadence.virtuoso.ade.spectreMonitor] - Launched evaluator : {"hostname": "pc-klas1-13.esat.kuleuven.be", "processid": 109539, "history": "ExplorerRun.0", "testname": "DDIC_invertor_1", "cornername": "Nominal", "point": 1, "logfile": "/users/students/r0926826/kuleuven/6/DDIC/DD_Es1/Cadence/logs_r0926826/logs0/Job3.log"}
[2025-03-04 11:08:46.936 +0100] [INFO] [cadence.virtuoso.ade.spectreMonitor] - Peak resident memory used = 113 Mbytes. : {"history": "ExplorerRun.0", "point": 1, "testname": "DDIC_invertor_1", "cornername": "Nominal"}
[2025-03-04 11:08:48.437 +0100] [INFO] [cadence.virtuoso.ade.spectreMonitor] - Peak resident memory used = 132 Mbytes. : {"history": "ExplorerRun.0", "point": 1, "testname": "DDIC_invertor_1", "cornername": "Nominal"}
[2025-03-04 11:08:48.437 +0100] [WARN] [cadence.virtuoso.ade.spectreMonitor] -     WARNING (SPECTRE-17101): The value 'psf' specified for the 'checklimitdest' option will no longer be supported in future releases. Use 'spectre -h' to see other recommended values for the 'checklimitdest' option. : {"history": "ExplorerRun.0", "point": 1, "testname": "DDIC_invertor_1", "cornername": "Nominal"}
[2025-03-04 11:08:48.437 +0100] [INFO] [cadence.virtuoso.ade.spectreMonitor] - Peak resident memory used = 133 Mbytes. : {"history": "ExplorerRun.0", "point": 1, "testname": "DDIC_invertor_1", "cornername": "Nominal"}
[2025-03-04 11:08:48.437 +0100] [INFO] [cadence.virtuoso.ade.spectreMonitor] - Notice from spectre during initial setup.
    Multithreading is disabled due to the size of the design being too small. : {"history": "ExplorerRun.0", "point": 1, "testname": "DDIC_invertor_1", "cornername": "Nominal"}
[2025-03-04 11:08:48.441 +0100] [INFO] [cadence.virtuoso.ade.spectreMonitor] -               nodes 6 : {"history": "ExplorerRun.0", "point": 1, "testname": "DDIC_invertor_1", "cornername": "Nominal"}
[2025-03-04 11:08:48.441 +0100] [INFO] [cadence.virtuoso.ade.spectreMonitor] - Notice from spectre during initial setup.
    1 vsources are shorted because their absolute value is less than or equal to 'vabsshort'.
    APS enabled. : {"history": "ExplorerRun.0", "point": 1, "testname": "DDIC_invertor_1", "cornername": "Nominal"}
[2025-03-04 11:08:48.441 +0100] [INFO] [cadence.virtuoso.ade.spectreMonitor] - Peak resident memory used = 136 Mbytes. : {"history": "ExplorerRun.0", "point": 1, "testname": "DDIC_invertor_1", "cornername": "Nominal"}
[2025-03-04 11:08:48.941 +0100] [PROCESS] [cadence.virtuoso.ade.spectreMonitor] - Finished simulating for one point : {"hostname": "pc-klas1-13.esat.kuleuven.be", "processid": 109539, "history": "ExplorerRun.0", "testname": "DDIC_invertor_1", "cornername": "Nominal", "point": 1, "logfile": "/users/students/r0926826/kuleuven/6/DDIC/DD_Es1/Cadence/logs_r0926826/logs0/Job3.log", "simid": "1"}
[2025-03-04 11:08:48.941 +0100] [INFO] [cadence.virtuoso.ade.spectreMonitor] - Notice from spectre during transient analysis `tran'.
    Multithreading is disabled due to the size of the design being too small. : {"history": "ExplorerRun.0", "point": 1, "testname": "DDIC_invertor_1", "cornername": "Nominal"}
[2025-03-04 11:08:48.942 +0100] [INFO] [cadence.virtuoso.ade.spectreMonitor] - Total time required for tran analysis `tran': CPU = 6.945 ms, elapsed = 72.5491 ms. : {"history": "ExplorerRun.0", "point": 1, "testname": "DDIC_invertor_1", "cornername": "Nominal"}
[2025-03-04 11:08:48.942 +0100] [INFO] [cadence.virtuoso.ade.spectreMonitor] - Peak resident memory used = 141 Mbytes. : {"history": "ExplorerRun.0", "point": 1, "testname": "DDIC_invertor_1", "cornername": "Nominal"}
[2025-03-04 11:08:48.942 +0100] [INFO] [cadence.virtuoso.ade.spectreMonitor] - Time used: CPU = 401 ms, elapsed = 3.07 s, util. = 13.1%. : {"history": "ExplorerRun.0", "point": 1, "testname": "DDIC_invertor_1", "cornername": "Nominal"}
[2025-03-04 11:08:48.942 +0100] [INFO] [cadence.virtuoso.ade.spectreMonitor] - Time spent in licensing: elapsed = 44 ms. : {"history": "ExplorerRun.0", "point": 1, "testname": "DDIC_invertor_1", "cornername": "Nominal"}
[2025-03-04 11:08:48.944 +0100] [INFO] [cadence.virtuoso.ade.spectreMonitor] - Peak memory used = 141 Mbytes. : {"history": "ExplorerRun.0", "point": 1, "testname": "DDIC_invertor_1", "cornername": "Nominal"}
[2025-03-04 11:08:48.947 +0100] [PROCESS] [cadence.virtuoso.ade.spectreMonitor] - Simulation started at: 11:08:45 AM, Tue Mar 4, 2025, ended at: 11:08:48 AM, Tue Mar 4, 2025, with elapsed time (wall clock): 3.07 s. : {"history": "ExplorerRun.0", "point": 1, "testname": "DDIC_invertor_1", "cornername": "Nominal"}
[2025-03-04 11:08:48.947 +0100] [PROCESS] [cadence.virtuoso.ade.spectreMonitor] - spectre completes with 0 errors, 1 warning, and 5 notices. : {"history": "ExplorerRun.0", "point": 1, "testname": "DDIC_invertor_1", "cornername": "Nominal"}
[2025-03-04 11:08:48.948 +0100] [PROCESS] [cadence.virtuoso.ade.spectreMonitor] - Finished Simulation : {"hostname": "pc-klas1-13.esat.kuleuven.be", "processid": 109539, "history": "ExplorerRun.0", "testname": "DDIC_invertor_1", "cornername": "Nominal", "point": 1, "logfile": "/users/students/r0926826/kuleuven/6/DDIC/DD_Es1/Cadence/logs_r0926826/logs0/Job3.log", "simid": "1"}
[2025-03-04 11:13:48.661 +0100] [PROCESS] [cadence.virtuoso.ade.spectreMonitor] - Launched evaluator : {"hostname": "pc-klas1-13.esat.kuleuven.be", "processid": 109539, "history": "ExplorerRun.0", "testname": "DDIC_invertor_1", "cornername": "Nominal", "point": 1, "logfile": "/users/students/r0926826/kuleuven/6/DDIC/DD_Es1/Cadence/logs_r0926826/logs0/Job3.log"}
[2025-03-04 11:13:51.663 +0100] [PROCESS] [cadence.virtuoso.ade.spectreMonitor] - Point Finished : {"hostname": "pc-klas1-13.esat.kuleuven.be", "processid": 109539, "history": "ExplorerRun.0", "testname": "DDIC_invertor_1", "cornername": "Nominal", "point": 1, "logfile": "/users/students/r0926826/kuleuven/6/DDIC/DD_Es1/Cadence/logs_r0926826/logs0/Job3.log"}
[2025-03-04 11:14:11.775 +0100] [PROCESS] [cadence.virtuoso.ade.spectreMonitor] - HostInfo:
Host name (type):	pc-klas1-13.esat.kuleuven.be (x86_64)
Operating system:	Linux 5.14.0-503.26.1.el9_5.x86_64 #1 SMP PREEMPT_DYNAMIC Wed Feb 19 16:28:19 UTC 2025 : {"hostname": "pc-klas1-13.esat.kuleuven.be", "processid": 109539, "history": "ExplorerRun.0", "testname": "DDIC_invertor_1", "cornername": "Nominal", "point": 1, "logfile": "/users/students/r0926826/kuleuven/6/DDIC/DD_Es1/Cadence/logs_r0926826/logs0/Job3.log", "nodename": "pc-klas1-13.esat.kuleuven.be", "domainname": "(none)", "machine": "x86_64", "sysname": "Linux", "release": "5.14.0-503.26.1.el9_5.x86_64", "version": "#1 SMP PREEMPT_DYNAMIC Wed Feb 19 16:28:19 UTC 2025"}
[2025-03-04 11:14:11.776 +0100] [PROCESS] [cadence.virtuoso.ade.spectreMonitor] - UsageInfo:
pid=109539
totalPhysicalMemory=15.114700GB,Used=13.405365GB,totalVirtualMemory=47.114697GB,Used=13.411469GB
Cpu: Cores=12, Load average:0.230000,0.190000,0.230000 : {"hostname": "pc-klas1-13.esat.kuleuven.be", "processid": 109539, "history": "ExplorerRun.0", "testname": "DDIC_invertor_1", "cornername": "Nominal", "point": 1, "logfile": "/users/students/r0926826/kuleuven/6/DDIC/DD_Es1/Cadence/logs_r0926826/logs0/Job3.log", "pid": "109539", "totalPhysicalMemory": "15.114700", "physicalMemoryUsed": "13.405365", "totalVirtualMemory": "47.114697", "virtualMemoryUsed": "13.411469", "cpuCores": "12", "processes": "1977", "loadAverage1": "0.230000", "loadAverage5": "0.190000", "loadAverage15": "0.230000", "loadAverage1Percent": "0.019167"}
[2025-03-04 11:14:11.782 +0100] [EVENT] [cadence.virtuoso.ade.spectreMonitor] - NewPoint : {"history": "ExplorerRun.0", "point": 1, "testname": "DDIC_invertor_1", "cornername": "Nominal", "event": "NewPoint", "EventSource": "Spectre Monitor", "HistoryName": "ExplorerRun.0", "logFile": "/users/students/r0926826/kuleuven/6/DDIC/DD_Es1/Cadence/logs_r0926826/logs0/Job3.log", "logFileSize": "11197"}
[2025-03-04 11:14:11.782 +0100] [EVENT] [cadence.virtuoso.ade.spectreMonitor] - NewPoint : {"history": "ExplorerRun.0", "point": 1, "testname": "DDIC_invertor_1", "cornername": "Nominal", "event": "NewPoint", "EventSource": "spectre", "HistoryName": "ExplorerRun.0", "logFile": "/users/students/r0926826/simulation/DDIC/invertor/maestro/results/maestro/ExplorerRun.0/1/DDIC_invertor_1/psf/spectre.out", "logFileSize": "-1"}
[2025-03-04 11:14:11.789 +0100] [PROCESS] [cadence.virtuoso.ade.spectreMonitor] - Launched simulator : {"hostname": "pc-klas1-13.esat.kuleuven.be", "processid": 109539, "history": "ExplorerRun.0", "testname": "DDIC_invertor_1", "cornername": "Nominal", "point": 1, "logfile": "/users/students/r0926826/kuleuven/6/DDIC/DD_Es1/Cadence/logs_r0926826/logs0/Job3.log", "simid": "2"}
[2025-03-04 11:14:11.791 +0100] [PROCESS] [cadence.virtuoso.ade.spectreMonitor] - Launched evaluator : {"hostname": "pc-klas1-13.esat.kuleuven.be", "processid": 109539, "history": "ExplorerRun.0", "testname": "DDIC_invertor_1", "cornername": "Nominal", "point": 1, "logfile": "/users/students/r0926826/kuleuven/6/DDIC/DD_Es1/Cadence/logs_r0926826/logs0/Job3.log"}
[2025-03-04 11:14:12.848 +0100] [PROCESS] [cadence.virtuoso.ade.spectreMonitor] - Finished simulating for one point : {"hostname": "pc-klas1-13.esat.kuleuven.be", "processid": 109539, "history": "ExplorerRun.0", "testname": "DDIC_invertor_1", "cornername": "Nominal", "point": 1, "logfile": "/users/students/r0926826/kuleuven/6/DDIC/DD_Es1/Cadence/logs_r0926826/logs0/Job3.log", "simid": "2"}
[2025-03-04 11:14:12.848 +0100] [INFO] [cadence.virtuoso.ade.spectreMonitor] - Peak resident memory used = 116 Mbytes. : {"history": "ExplorerRun.0", "point": 1, "testname": "DDIC_invertor_1", "cornername": "Nominal"}
[2025-03-04 11:14:12.848 +0100] [INFO] [cadence.virtuoso.ade.spectreMonitor] - Peak resident memory used = 127 Mbytes. : {"history": "ExplorerRun.0", "point": 1, "testname": "DDIC_invertor_1", "cornername": "Nominal"}
[2025-03-04 11:14:12.848 +0100] [WARN] [cadence.virtuoso.ade.spectreMonitor] -     WARNING (SPECTRE-17101): The value 'psf' specified for the 'checklimitdest' option will no longer be supported in future releases. Use 'spectre -h' to see other recommended values for the 'checklimitdest' option. : {"history": "ExplorerRun.0", "point": 1, "testname": "DDIC_invertor_1", "cornername": "Nominal"}
[2025-03-04 11:14:12.848 +0100] [INFO] [cadence.virtuoso.ade.spectreMonitor] - Peak resident memory used = 128 Mbytes. : {"history": "ExplorerRun.0", "point": 1, "testname": "DDIC_invertor_1", "cornername": "Nominal"}
[2025-03-04 11:14:12.848 +0100] [INFO] [cadence.virtuoso.ade.spectreMonitor] - Notice from spectre during initial setup.
    Multithreading is disabled due to the size of the design being too small. : {"history": "ExplorerRun.0", "point": 1, "testname": "DDIC_invertor_1", "cornername": "Nominal"}
[2025-03-04 11:14:12.851 +0100] [INFO] [cadence.virtuoso.ade.spectreMonitor] -               nodes 6 : {"history": "ExplorerRun.0", "point": 1, "testname": "DDIC_invertor_1", "cornername": "Nominal"}
[2025-03-04 11:14:12.851 +0100] [INFO] [cadence.virtuoso.ade.spectreMonitor] - Notice from spectre during initial setup.
    1 vsources are shorted because their absolute value is less than or equal to 'vabsshort'.
    APS enabled. : {"history": "ExplorerRun.0", "point": 1, "testname": "DDIC_invertor_1", "cornername": "Nominal"}
[2025-03-04 11:14:12.851 +0100] [INFO] [cadence.virtuoso.ade.spectreMonitor] - Peak resident memory used = 131 Mbytes. : {"history": "ExplorerRun.0", "point": 1, "testname": "DDIC_invertor_1", "cornername": "Nominal"}
[2025-03-04 11:14:12.851 +0100] [INFO] [cadence.virtuoso.ade.spectreMonitor] - Notice from spectre during transient analysis `tran'.
    Multithreading is disabled due to the size of the design being too small. : {"history": "ExplorerRun.0", "point": 1, "testname": "DDIC_invertor_1", "cornername": "Nominal"}
[2025-03-04 11:14:12.851 +0100] [INFO] [cadence.virtuoso.ade.spectreMonitor] - Total time required for tran analysis `tran': CPU = 4.573 ms, elapsed = 13.314 ms. : {"history": "ExplorerRun.0", "point": 1, "testname": "DDIC_invertor_1", "cornername": "Nominal"}
[2025-03-04 11:14:12.851 +0100] [INFO] [cadence.virtuoso.ade.spectreMonitor] - Peak resident memory used = 137 Mbytes. : {"history": "ExplorerRun.0", "point": 1, "testname": "DDIC_invertor_1", "cornername": "Nominal"}
[2025-03-04 11:14:12.851 +0100] [INFO] [cadence.virtuoso.ade.spectreMonitor] - Time used: CPU = 301 ms, elapsed = 382 ms, util. = 78.8%. : {"history": "ExplorerRun.0", "point": 1, "testname": "DDIC_invertor_1", "cornername": "Nominal"}
[2025-03-04 11:14:12.851 +0100] [INFO] [cadence.virtuoso.ade.spectreMonitor] - Time spent in licensing: elapsed = 20.6 ms, percentage of total = 5.4%. : {"history": "ExplorerRun.0", "point": 1, "testname": "DDIC_invertor_1", "cornername": "Nominal"}
[2025-03-04 11:14:12.852 +0100] [INFO] [cadence.virtuoso.ade.spectreMonitor] - Peak memory used = 138 Mbytes. : {"history": "ExplorerRun.0", "point": 1, "testname": "DDIC_invertor_1", "cornername": "Nominal"}
[2025-03-04 11:14:12.855 +0100] [PROCESS] [cadence.virtuoso.ade.spectreMonitor] - Simulation started at: 11:14:11 AM, Tue Mar 4, 2025, ended at: 11:14:12 AM, Tue Mar 4, 2025, with elapsed time (wall clock): 382 ms. : {"history": "ExplorerRun.0", "point": 1, "testname": "DDIC_invertor_1", "cornername": "Nominal"}
[2025-03-04 11:14:12.855 +0100] [PROCESS] [cadence.virtuoso.ade.spectreMonitor] - spectre completes with 0 errors, 1 warning, and 5 notices. : {"history": "ExplorerRun.0", "point": 1, "testname": "DDIC_invertor_1", "cornername": "Nominal"}
[2025-03-04 11:14:12.855 +0100] [PROCESS] [cadence.virtuoso.ade.spectreMonitor] - Finished Simulation : {"hostname": "pc-klas1-13.esat.kuleuven.be", "processid": 109539, "history": "ExplorerRun.0", "testname": "DDIC_invertor_1", "cornername": "Nominal", "point": 1, "logfile": "/users/students/r0926826/kuleuven/6/DDIC/DD_Es1/Cadence/logs_r0926826/logs0/Job3.log", "simid": "2"}
[2025-03-04 11:14:14.362 +0100] [PROCESS] [cadence.virtuoso.ade.spectreMonitor] - Point Finished : {"hostname": "pc-klas1-13.esat.kuleuven.be", "processid": 109539, "history": "ExplorerRun.0", "testname": "DDIC_invertor_1", "cornername": "Nominal", "point": 1, "logfile": "/users/students/r0926826/kuleuven/6/DDIC/DD_Es1/Cadence/logs_r0926826/logs0/Job3.log"}
[2025-03-04 11:19:14.897 +0100] [PROCESS] [cadence.virtuoso.ade.spectreMonitor] - Current memory used: 38.2422 MBytes, peak memory used: 38.2422 MBytes : {"hostname": "pc-klas1-13.esat.kuleuven.be", "processid": 109539, "history": "ExplorerRun.0", "testname": "DDIC_invertor_1", "cornername": "Nominal", "point": 1, "logfile": "/users/students/r0926826/kuleuven/6/DDIC/DD_Es1/Cadence/logs_r0926826/logs0/Job3.log"}
[2025-03-04 11:19:14.897 +0100] [PROCESS] [cadence.virtuoso.ade.spectreMonitor] - Spectre Monitor process exit. : {"hostname": "pc-klas1-13.esat.kuleuven.be", "processid": 109539, "history": "ExplorerRun.0", "testname": "DDIC_invertor_1", "cornername": "Nominal", "point": 1, "logfile": "/users/students/r0926826/kuleuven/6/DDIC/DD_Es1/Cadence/logs_r0926826/logs0/Job3.log"}
