[Spectre Monitor: 4]
[2025-03-04 11:21:17.546 +0100] [PROCESS] [cadence.virtuoso.ade.spectreMonitor] - Spectre Monitor has successfully started up. Trying to set up communication channels to other components ... : {"hostname": "pc-klas1-13.esat.kuleuven.be", "processid": 113265, "logfile": "/users/students/r0926826/kuleuven/6/DDIC/DD_Es1/Cadence/logs_r0926826/logs0/Job4.log"}
[2025-03-04 11:21:17.547 +0100] [PROCESS] [cadence.virtuoso.ade.spectreMonitor] - Started History : {"hostname": "pc-klas1-13.esat.kuleuven.be", "processid": 113265, "history": "ExplorerRun.0", "logfile": "/users/students/r0926826/kuleuven/6/DDIC/DD_Es1/Cadence/logs_r0926826/logs0/Job4.log"}
[2025-03-04 11:21:17.569 +0100] [PROCESS] [cadence.virtuoso.ade.spectreMonitor] - Communication channels have been successfully set up. Start processing events ... : {"hostname": "pc-klas1-13.esat.kuleuven.be", "processid": 113265, "history": "ExplorerRun.0", "logfile": "/users/students/r0926826/kuleuven/6/DDIC/DD_Es1/Cadence/logs_r0926826/logs0/Job4.log"}
[2025-03-04 11:21:17.653 +0100] [PROCESS] [cadence.virtuoso.ade.spectreMonitor] - HostInfo:
Host name (type):	pc-klas1-13.esat.kuleuven.be (x86_64)
Operating system:	Linux 5.14.0-503.26.1.el9_5.x86_64 #1 SMP PREEMPT_DYNAMIC Wed Feb 19 16:28:19 UTC 2025 : {"hostname": "pc-klas1-13.esat.kuleuven.be", "processid": 113265, "history": "ExplorerRun.0", "logfile": "/users/students/r0926826/kuleuven/6/DDIC/DD_Es1/Cadence/logs_r0926826/logs0/Job4.log", "nodename": "pc-klas1-13.esat.kuleuven.be", "domainname": "(none)", "machine": "x86_64", "sysname": "Linux", "release": "5.14.0-503.26.1.el9_5.x86_64", "version": "#1 SMP PREEMPT_DYNAMIC Wed Feb 19 16:28:19 UTC 2025"}
[2025-03-04 11:21:17.653 +0100] [PROCESS] [cadence.virtuoso.ade.spectreMonitor] - UsageInfo:
pid=113265
totalPhysicalMemory=15.114700GB,Used=14.165108GB,totalVirtualMemory=47.114697GB,Used=14.187080GB
Cpu: Cores=12, Load average:0.140000,0.280000,0.260000 : {"hostname": "pc-klas1-13.esat.kuleuven.be", "processid": 113265, "history": "ExplorerRun.0", "logfile": "/users/students/r0926826/kuleuven/6/DDIC/DD_Es1/Cadence/logs_r0926826/logs0/Job4.log", "pid": "113265", "totalPhysicalMemory": "15.114700", "physicalMemoryUsed": "14.165108", "totalVirtualMemory": "47.114697", "virtualMemoryUsed": "14.187080", "cpuCores": "12", "processes": "1968", "loadAverage1": "0.140000", "loadAverage5": "0.280000", "loadAverage15": "0.260000", "loadAverage1Percent": "0.011667"}
[2025-03-04 11:21:17.658 +0100] [EVENT] [cadence.virtuoso.ade.spectreMonitor] - NewPoint : {"history": "ExplorerRun.0", "point": 1, "testname": "DDIC_invertor_1", "cornername": "Nominal", "event": "NewPoint", "EventSource": "Spectre Monitor", "HistoryName": "ExplorerRun.0", "logFile": "/users/students/r0926826/kuleuven/6/DDIC/DD_Es1/Cadence/logs_r0926826/logs0/Job4.log", "logFileSize": "2464"}
[2025-03-04 11:21:17.658 +0100] [EVENT] [cadence.virtuoso.ade.spectreMonitor] - NewPoint : {"history": "ExplorerRun.0", "point": 1, "testname": "DDIC_invertor_1", "cornername": "Nominal", "event": "NewPoint", "EventSource": "spectre", "HistoryName": "ExplorerRun.0", "logFile": "/users/students/r0926826/simulation/DDIC/invertor/maestro/results/maestro/ExplorerRun.0/1/DDIC_invertor_1/psf/spectre.out", "logFileSize": "-1"}
[2025-03-04 11:21:17.665 +0100] [PROCESS] [cadence.virtuoso.ade.spectreMonitor] - Launched simulator : {"hostname": "pc-klas1-13.esat.kuleuven.be", "processid": 113265, "history": "ExplorerRun.0", "testname": "DDIC_invertor_1", "cornername": "Nominal", "point": 1, "logfile": "/users/students/r0926826/kuleuven/6/DDIC/DD_Es1/Cadence/logs_r0926826/logs0/Job4.log", "simid": "1"}
[2025-03-04 11:21:17.668 +0100] [PROCESS] [cadence.virtuoso.ade.spectreMonitor] - Launched evaluator : {"hostname": "pc-klas1-13.esat.kuleuven.be", "processid": 113265, "history": "ExplorerRun.0", "testname": "DDIC_invertor_1", "cornername": "Nominal", "point": 1, "logfile": "/users/students/r0926826/kuleuven/6/DDIC/DD_Es1/Cadence/logs_r0926826/logs0/Job4.log"}
[2025-03-04 11:21:18.224 +0100] [INFO] [cadence.virtuoso.ade.spectreMonitor] - Peak resident memory used = 114 Mbytes. : {"history": "ExplorerRun.0", "point": 1, "testname": "DDIC_invertor_1", "cornername": "Nominal"}
[2025-03-04 11:21:18.724 +0100] [PROCESS] [cadence.virtuoso.ade.spectreMonitor] - Finished simulating for one point : {"hostname": "pc-klas1-13.esat.kuleuven.be", "processid": 113265, "history": "ExplorerRun.0", "testname": "DDIC_invertor_1", "cornername": "Nominal", "point": 1, "logfile": "/users/students/r0926826/kuleuven/6/DDIC/DD_Es1/Cadence/logs_r0926826/logs0/Job4.log", "simid": "1"}
[2025-03-04 11:21:18.724 +0100] [INFO] [cadence.virtuoso.ade.spectreMonitor] - Peak resident memory used = 125 Mbytes. : {"history": "ExplorerRun.0", "point": 1, "testname": "DDIC_invertor_1", "cornername": "Nominal"}
[2025-03-04 11:21:18.724 +0100] [WARN] [cadence.virtuoso.ade.spectreMonitor] -     WARNING (SPECTRE-17101): The value 'psf' specified for the 'checklimitdest' option will no longer be supported in future releases. Use 'spectre -h' to see other recommended values for the 'checklimitdest' option. : {"history": "ExplorerRun.0", "point": 1, "testname": "DDIC_invertor_1", "cornername": "Nominal"}
[2025-03-04 11:21:18.724 +0100] [INFO] [cadence.virtuoso.ade.spectreMonitor] - Peak resident memory used = 126 Mbytes. : {"history": "ExplorerRun.0", "point": 1, "testname": "DDIC_invertor_1", "cornername": "Nominal"}
[2025-03-04 11:21:18.724 +0100] [INFO] [cadence.virtuoso.ade.spectreMonitor] - Notice from spectre during initial setup.
    Multithreading is disabled due to the size of the design being too small. : {"history": "ExplorerRun.0", "point": 1, "testname": "DDIC_invertor_1", "cornername": "Nominal"}
[2025-03-04 11:21:18.727 +0100] [INFO] [cadence.virtuoso.ade.spectreMonitor] -               nodes 6 : {"history": "ExplorerRun.0", "point": 1, "testname": "DDIC_invertor_1", "cornername": "Nominal"}
[2025-03-04 11:21:18.727 +0100] [INFO] [cadence.virtuoso.ade.spectreMonitor] - Notice from spectre during initial setup.
    1 vsources are shorted because their absolute value is less than or equal to 'vabsshort'.
    APS enabled. : {"history": "ExplorerRun.0", "point": 1, "testname": "DDIC_invertor_1", "cornername": "Nominal"}
[2025-03-04 11:21:18.727 +0100] [INFO] [cadence.virtuoso.ade.spectreMonitor] - Peak resident memory used = 129 Mbytes. : {"history": "ExplorerRun.0", "point": 1, "testname": "DDIC_invertor_1", "cornername": "Nominal"}
[2025-03-04 11:21:18.727 +0100] [INFO] [cadence.virtuoso.ade.spectreMonitor] - Notice from spectre during transient analysis `tran'.
    Multithreading is disabled due to the size of the design being too small. : {"history": "ExplorerRun.0", "point": 1, "testname": "DDIC_invertor_1", "cornername": "Nominal"}
[2025-03-04 11:21:18.727 +0100] [INFO] [cadence.virtuoso.ade.spectreMonitor] - Total time required for tran analysis `tran': CPU = 9.418 ms, elapsed = 18.3909 ms. : {"history": "ExplorerRun.0", "point": 1, "testname": "DDIC_invertor_1", "cornername": "Nominal"}
[2025-03-04 11:21:18.727 +0100] [INFO] [cadence.virtuoso.ade.spectreMonitor] - Peak resident memory used = 135 Mbytes. : {"history": "ExplorerRun.0", "point": 1, "testname": "DDIC_invertor_1", "cornername": "Nominal"}
[2025-03-04 11:21:18.727 +0100] [INFO] [cadence.virtuoso.ade.spectreMonitor] - Time used: CPU = 307 ms, elapsed = 378 ms, util. = 81.2%. : {"history": "ExplorerRun.0", "point": 1, "testname": "DDIC_invertor_1", "cornername": "Nominal"}
[2025-03-04 11:21:18.727 +0100] [INFO] [cadence.virtuoso.ade.spectreMonitor] - Time spent in licensing: elapsed = 18.8 ms. : {"history": "ExplorerRun.0", "point": 1, "testname": "DDIC_invertor_1", "cornername": "Nominal"}
[2025-03-04 11:21:18.728 +0100] [INFO] [cadence.virtuoso.ade.spectreMonitor] - Peak memory used = 136 Mbytes. : {"history": "ExplorerRun.0", "point": 1, "testname": "DDIC_invertor_1", "cornername": "Nominal"}
[2025-03-04 11:21:18.732 +0100] [PROCESS] [cadence.virtuoso.ade.spectreMonitor] - Simulation started at: 11:21:17 AM, Tue Mar 4, 2025, ended at: 11:21:18 AM, Tue Mar 4, 2025, with elapsed time (wall clock): 378 ms. : {"history": "ExplorerRun.0", "point": 1, "testname": "DDIC_invertor_1", "cornername": "Nominal"}
[2025-03-04 11:21:18.732 +0100] [PROCESS] [cadence.virtuoso.ade.spectreMonitor] - spectre completes with 0 errors, 1 warning, and 5 notices. : {"history": "ExplorerRun.0", "point": 1, "testname": "DDIC_invertor_1", "cornername": "Nominal"}
[2025-03-04 11:21:18.732 +0100] [PROCESS] [cadence.virtuoso.ade.spectreMonitor] - Finished Simulation : {"hostname": "pc-klas1-13.esat.kuleuven.be", "processid": 113265, "history": "ExplorerRun.0", "testname": "DDIC_invertor_1", "cornername": "Nominal", "point": 1, "logfile": "/users/students/r0926826/kuleuven/6/DDIC/DD_Es1/Cadence/logs_r0926826/logs0/Job4.log", "simid": "1"}
[2025-03-04 11:21:21.736 +0100] [PROCESS] [cadence.virtuoso.ade.spectreMonitor] - Point Finished : {"hostname": "pc-klas1-13.esat.kuleuven.be", "processid": 113265, "history": "ExplorerRun.0", "testname": "DDIC_invertor_1", "cornername": "Nominal", "point": 1, "logfile": "/users/students/r0926826/kuleuven/6/DDIC/DD_Es1/Cadence/logs_r0926826/logs0/Job4.log"}
[2025-03-04 11:22:09.264 +0100] [PROCESS] [cadence.virtuoso.ade.spectreMonitor] - HostInfo:
Host name (type):	pc-klas1-13.esat.kuleuven.be (x86_64)
Operating system:	Linux 5.14.0-503.26.1.el9_5.x86_64 #1 SMP PREEMPT_DYNAMIC Wed Feb 19 16:28:19 UTC 2025 : {"hostname": "pc-klas1-13.esat.kuleuven.be", "processid": 113265, "history": "ExplorerRun.0", "testname": "DDIC_invertor_1", "cornername": "Nominal", "point": 1, "logfile": "/users/students/r0926826/kuleuven/6/DDIC/DD_Es1/Cadence/logs_r0926826/logs0/Job4.log", "nodename": "pc-klas1-13.esat.kuleuven.be", "domainname": "(none)", "machine": "x86_64", "sysname": "Linux", "release": "5.14.0-503.26.1.el9_5.x86_64", "version": "#1 SMP PREEMPT_DYNAMIC Wed Feb 19 16:28:19 UTC 2025"}
[2025-03-04 11:22:09.265 +0100] [PROCESS] [cadence.virtuoso.ade.spectreMonitor] - UsageInfo:
pid=113265
totalPhysicalMemory=15.114700GB,Used=14.319332GB,totalVirtualMemory=47.114697GB,Used=14.341305GB
Cpu: Cores=12, Load average:0.450000,0.340000,0.280000 : {"hostname": "pc-klas1-13.esat.kuleuven.be", "processid": 113265, "history": "ExplorerRun.0", "testname": "DDIC_invertor_1", "cornername": "Nominal", "point": 1, "logfile": "/users/students/r0926826/kuleuven/6/DDIC/DD_Es1/Cadence/logs_r0926826/logs0/Job4.log", "pid": "113265", "totalPhysicalMemory": "15.114700", "physicalMemoryUsed": "14.319332", "totalVirtualMemory": "47.114697", "virtualMemoryUsed": "14.341305", "cpuCores": "12", "processes": "1984", "loadAverage1": "0.450000", "loadAverage5": "0.340000", "loadAverage15": "0.280000", "loadAverage1Percent": "0.037500"}
[2025-03-04 11:22:09.270 +0100] [EVENT] [cadence.virtuoso.ade.spectreMonitor] - NewPoint : {"history": "ExplorerRun.0", "point": 1, "testname": "DDIC_invertor_1", "cornername": "Nominal", "event": "NewPoint", "EventSource": "Spectre Monitor", "HistoryName": "ExplorerRun.0", "logFile": "/users/students/r0926826/kuleuven/6/DDIC/DD_Es1/Cadence/logs_r0926826/logs0/Job4.log", "logFileSize": "10835"}
[2025-03-04 11:22:09.271 +0100] [EVENT] [cadence.virtuoso.ade.spectreMonitor] - NewPoint : {"history": "ExplorerRun.0", "point": 1, "testname": "DDIC_invertor_1", "cornername": "Nominal", "event": "NewPoint", "EventSource": "spectre", "HistoryName": "ExplorerRun.0", "logFile": "/users/students/r0926826/simulation/DDIC/invertor/maestro/results/maestro/ExplorerRun.0/1/DDIC_invertor_1/psf/spectre.out", "logFileSize": "-1"}
[2025-03-04 11:22:09.276 +0100] [PROCESS] [cadence.virtuoso.ade.spectreMonitor] - Launched simulator : {"hostname": "pc-klas1-13.esat.kuleuven.be", "processid": 113265, "history": "ExplorerRun.0", "testname": "DDIC_invertor_1", "cornername": "Nominal", "point": 1, "logfile": "/users/students/r0926826/kuleuven/6/DDIC/DD_Es1/Cadence/logs_r0926826/logs0/Job4.log", "simid": "2"}
[2025-03-04 11:22:09.279 +0100] [PROCESS] [cadence.virtuoso.ade.spectreMonitor] - Launched evaluator : {"hostname": "pc-klas1-13.esat.kuleuven.be", "processid": 113265, "history": "ExplorerRun.0", "testname": "DDIC_invertor_1", "cornername": "Nominal", "point": 1, "logfile": "/users/students/r0926826/kuleuven/6/DDIC/DD_Es1/Cadence/logs_r0926826/logs0/Job4.log"}
[2025-03-04 11:22:10.335 +0100] [PROCESS] [cadence.virtuoso.ade.spectreMonitor] - Finished simulating for one point : {"hostname": "pc-klas1-13.esat.kuleuven.be", "processid": 113265, "history": "ExplorerRun.0", "testname": "DDIC_invertor_1", "cornername": "Nominal", "point": 1, "logfile": "/users/students/r0926826/kuleuven/6/DDIC/DD_Es1/Cadence/logs_r0926826/logs0/Job4.log", "simid": "2"}
[2025-03-04 11:22:10.335 +0100] [INFO] [cadence.virtuoso.ade.spectreMonitor] - Peak resident memory used = 114 Mbytes. : {"history": "ExplorerRun.0", "point": 1, "testname": "DDIC_invertor_1", "cornername": "Nominal"}
[2025-03-04 11:22:10.335 +0100] [INFO] [cadence.virtuoso.ade.spectreMonitor] - Peak resident memory used = 126 Mbytes. : {"history": "ExplorerRun.0", "point": 1, "testname": "DDIC_invertor_1", "cornername": "Nominal"}
[2025-03-04 11:22:10.335 +0100] [WARN] [cadence.virtuoso.ade.spectreMonitor] -     WARNING (SPECTRE-17101): The value 'psf' specified for the 'checklimitdest' option will no longer be supported in future releases. Use 'spectre -h' to see other recommended values for the 'checklimitdest' option. : {"history": "ExplorerRun.0", "point": 1, "testname": "DDIC_invertor_1", "cornername": "Nominal"}
[2025-03-04 11:22:10.335 +0100] [INFO] [cadence.virtuoso.ade.spectreMonitor] - Peak resident memory used = 127 Mbytes. : {"history": "ExplorerRun.0", "point": 1, "testname": "DDIC_invertor_1", "cornername": "Nominal"}
[2025-03-04 11:22:10.335 +0100] [INFO] [cadence.virtuoso.ade.spectreMonitor] - Notice from spectre during initial setup.
    Multithreading is disabled due to the size of the design being too small. : {"history": "ExplorerRun.0", "point": 1, "testname": "DDIC_invertor_1", "cornername": "Nominal"}
[2025-03-04 11:22:10.614 +0100] [INFO] [cadence.virtuoso.ade.spectreMonitor] -               nodes 6 : {"history": "ExplorerRun.0", "point": 1, "testname": "DDIC_invertor_1", "cornername": "Nominal"}
[2025-03-04 11:22:10.614 +0100] [INFO] [cadence.virtuoso.ade.spectreMonitor] - Notice from spectre during initial setup.
    1 vsources are shorted because their absolute value is less than or equal to 'vabsshort'.
    APS enabled. : {"history": "ExplorerRun.0", "point": 1, "testname": "DDIC_invertor_1", "cornername": "Nominal"}
[2025-03-04 11:22:10.614 +0100] [INFO] [cadence.virtuoso.ade.spectreMonitor] - Peak resident memory used = 130 Mbytes. : {"history": "ExplorerRun.0", "point": 1, "testname": "DDIC_invertor_1", "cornername": "Nominal"}
[2025-03-04 11:22:10.614 +0100] [INFO] [cadence.virtuoso.ade.spectreMonitor] - Notice from spectre during transient analysis `tran'.
    Multithreading is disabled due to the size of the design being too small. : {"history": "ExplorerRun.0", "point": 1, "testname": "DDIC_invertor_1", "cornername": "Nominal"}
[2025-03-04 11:22:10.614 +0100] [INFO] [cadence.virtuoso.ade.spectreMonitor] - Total time required for tran analysis `tran': CPU = 7.603 ms, elapsed = 15.8651 ms. : {"history": "ExplorerRun.0", "point": 1, "testname": "DDIC_invertor_1", "cornername": "Nominal"}
[2025-03-04 11:22:10.614 +0100] [INFO] [cadence.virtuoso.ade.spectreMonitor] - Peak resident memory used = 135 Mbytes. : {"history": "ExplorerRun.0", "point": 1, "testname": "DDIC_invertor_1", "cornername": "Nominal"}
[2025-03-04 11:22:10.614 +0100] [INFO] [cadence.virtuoso.ade.spectreMonitor] - Time used: CPU = 309 ms, elapsed = 607 ms, util. = 51%. : {"history": "ExplorerRun.0", "point": 1, "testname": "DDIC_invertor_1", "cornername": "Nominal"}
[2025-03-04 11:22:10.614 +0100] [INFO] [cadence.virtuoso.ade.spectreMonitor] - Time spent in licensing: elapsed = 23.1 ms. : {"history": "ExplorerRun.0", "point": 1, "testname": "DDIC_invertor_1", "cornername": "Nominal"}
[2025-03-04 11:22:10.615 +0100] [INFO] [cadence.virtuoso.ade.spectreMonitor] - Peak memory used = 136 Mbytes. : {"history": "ExplorerRun.0", "point": 1, "testname": "DDIC_invertor_1", "cornername": "Nominal"}
[2025-03-04 11:22:10.619 +0100] [PROCESS] [cadence.virtuoso.ade.spectreMonitor] - Simulation started at: 11:22:09 AM, Tue Mar 4, 2025, ended at: 11:22:10 AM, Tue Mar 4, 2025, with elapsed time (wall clock): 607 ms. : {"history": "ExplorerRun.0", "point": 1, "testname": "DDIC_invertor_1", "cornername": "Nominal"}
[2025-03-04 11:22:10.619 +0100] [PROCESS] [cadence.virtuoso.ade.spectreMonitor] - spectre completes with 0 errors, 1 warning, and 5 notices. : {"history": "ExplorerRun.0", "point": 1, "testname": "DDIC_invertor_1", "cornername": "Nominal"}
[2025-03-04 11:22:10.619 +0100] [PROCESS] [cadence.virtuoso.ade.spectreMonitor] - Finished Simulation : {"hostname": "pc-klas1-13.esat.kuleuven.be", "processid": 113265, "history": "ExplorerRun.0", "testname": "DDIC_invertor_1", "cornername": "Nominal", "point": 1, "logfile": "/users/students/r0926826/kuleuven/6/DDIC/DD_Es1/Cadence/logs_r0926826/logs0/Job4.log", "simid": "2"}
[2025-03-04 11:22:12.622 +0100] [PROCESS] [cadence.virtuoso.ade.spectreMonitor] - Point Finished : {"hostname": "pc-klas1-13.esat.kuleuven.be", "processid": 113265, "history": "ExplorerRun.0", "testname": "DDIC_invertor_1", "cornername": "Nominal", "point": 1, "logfile": "/users/students/r0926826/kuleuven/6/DDIC/DD_Es1/Cadence/logs_r0926826/logs0/Job4.log"}
[2025-03-04 11:27:12.898 +0100] [PROCESS] [cadence.virtuoso.ade.spectreMonitor] - Current memory used: 38.2969 MBytes, peak memory used: 38.2969 MBytes : {"hostname": "pc-klas1-13.esat.kuleuven.be", "processid": 113265, "history": "ExplorerRun.0", "testname": "DDIC_invertor_1", "cornername": "Nominal", "point": 1, "logfile": "/users/students/r0926826/kuleuven/6/DDIC/DD_Es1/Cadence/logs_r0926826/logs0/Job4.log"}
[2025-03-04 11:27:12.898 +0100] [PROCESS] [cadence.virtuoso.ade.spectreMonitor] - Spectre Monitor process exit. : {"hostname": "pc-klas1-13.esat.kuleuven.be", "processid": 113265, "history": "ExplorerRun.0", "testname": "DDIC_invertor_1", "cornername": "Nominal", "point": 1, "logfile": "/users/students/r0926826/kuleuven/6/DDIC/DD_Es1/Cadence/logs_r0926826/logs0/Job4.log"}
