-------------------------------------------------------------------------------
Name     : Shielded net name
Length   : Shielded net length
Shield   : Total length of shielding wire
Ratio    : Average shielding ratio
-------------------------------------------------------------------------------
Name          Length    Shield    Ratio   
                                         Layer:      Length     Shield  Ratio
-------------------------------------------------------------------------------
CTS_2:   preferred: Metal2 - Metal4
                36.0      66.8    0.930
                                         Metal2:        7.0        9.2  0.654
                                         Metal3:       27.2       54.2  0.997
                                         Metal4:        1.7        3.4  1.000
rclk:   preferred: Metal2 - Metal4
               129.3     255.8    0.989
                                         Metal2:        1.5        1.5  0.479
                                         Metal3:       67.2      134.4  1.000
                                         Metal4:       60.6      120.0  0.989
-------------------------------------------------------------------------------

 Average ratio:                   0.976
                                         Metal2:          4.3        5.3  0.623
                                         Metal3:         47.2       94.3  0.999
                                         Metal4:         31.2       61.7  0.990


